[debug] ----------------------------------------------------------------------
[debug] Command:      /usr/bin/nodejs /usr/bin/firebase serve -p 5050
[debug] CLI Version:  3.2.1
[debug] Platform:     linux
[debug] Node Version: v6.9.2
[debug] Time:         Thu Jan 19 2017 17:41:51 GMT+0530 (IST)
[debug] ----------------------------------------------------------------------
[debug] 
[info] Starting Firebase development server...
[info] 
[info] Project Directory: /home/anandmoghan/Workspace/Hosting/anandmoghan
[info] Public Directory: public
[info] 
[info] Server listening at: http://localhost:5050
[debug] ----------------------------------------------------------------------
[debug] Command:      /usr/bin/nodejs /usr/bin/firebase deploy -m Blog Categories Added
[debug] CLI Version:  3.2.1
[debug] Platform:     linux
[debug] Node Version: v6.9.2
[debug] Time:         Fri Jan 20 2017 02:32:46 GMT+0530 (IST)
[debug] ----------------------------------------------------------------------
[debug] 
[debug] > command requires scopes: ["email","openid","https://www.googleapis.com/auth/cloudplatformprojects.readonly","https://www.googleapis.com/auth/firebase"]
[debug] > refreshing access token with scopes: ["email","https://www.googleapis.com/auth/cloudplatformprojects.readonly","https://www.googleapis.com/auth/firebase","openid"]
[debug] >>> HTTP REQUEST POST https://www.googleapis.com/oauth2/v3/token
[debug] <<< HTTP RESPONSE 200
[debug] >>> HTTP REQUEST GET https://admin.firebase.com/v1/projects/anandmoghan-me 
[debug] <<< HTTP RESPONSE 200
[debug] >>> HTTP REQUEST GET https://admin.firebase.com/v1/database/anandmoghan-me/tokens 
[debug] <<< HTTP RESPONSE 200
[info] 
[info] === Deploying to 'anandmoghan-me'...
[info] 
[info] i  deploying database, hosting
[info] ✔  database: rules ready to deploy.
[info] i  hosting: preparing public directory for upload...
